: SAMPLE OUTLINE FOR COMPILATION SCRIPT, BATCH FILE, ETC.
: Makx pgm file(s).c  --  compile file(s) to produce  pgm.x
:							run pgm.x <pgm.in >pgm.out
:							cmp pgm.out pgm.tst
:							rm pgm.o pgm.x
: Makxnt -- same compile, but no test file
: Maktry pgm file(s).c -- compile file(s) with #define TRYMAIN into pgm
:							(same run, cmp, rm)
: Mako file.c  --  compile-only, into object code

Makx accnt accnt.c 
accnt.c:
link:
accnt.o:
accnt.x:
Makx arith arith.c 
arith.c:
link:
arith.o:
arith.x:
Makx asst asst.c 
asst.c:
link:
asst.o:
asst.x:
Makx asst2 asst2.c 
asst2.c:
link:
asst2.o:
asst2.x:
Makx badpow badpow.c
badpow.c:
link:
badpow.o:
badpow.x:
Makx bdrill bdrill.c 
bdrill.c:
link:
bdrill.o:
bdrill.x:
Makxnt bits bits.c
bits.c:
link:
Makx blast blast.c 
blast.c:
link:
blast.o:
blast.x:
Makx blast2 blast2.c 
blast2.c:
link:
blast2.o:
blast2.x:
Makx cap cap.c 
cap.c:
link:
cap.o:
cap.x:
Makx cap2 cap2.c 
cap2.c:
link:
cap2.o:
cap2.x:
Makx codes1 codes1.c 
codes1.c:
link:
codes1.o:
codes1.x:
Makx codes2 codes2.c 
codes2.c:
link:
codes2.o:
codes2.x:
Makx codes3 codes3.c 
codes3.c:
link:
codes3.o:
codes3.x:
Makx codes4 codes4.c 
codes4.c:
link:
codes4.o:
codes4.x:
Makxnt copy copy.c 
copy.c:
link:
Makx copy2 copy2.c 
copy2.c:
link:
copy2.o:
copy2.x:
Makx dmpdem dmpdem.c
dmpdem.c:
link:
dmpdem.o:
dmpdem.x:
Makx fact fact.c 
fact.c:
link:
fact.o:
fact.x:
Maktry factl factl.c 
factl.c:
link:
factl.o:
factl.x:
Makx fast fast.c 
fast.c:
link:
fast.o:
fast.x:
Makx getbn getbn.c 
getbn.c:
link:
getbn.o:
getbn.x:
Makx getbn2 getbn2.c 
getbn2.c:
link:
getbn2.o:
getbn2.x:
Makx gettt gettt.c
gettt.c:
link:
gettt.o:
gettt.x:
Makx guess guess.c 
guess.c:
link:
guess.o:
guess.x:
Makx guess2 guess2.c 
guess2.c:
link:
guess2.o:
guess2.x:
Makx hello hello.c 
hello.c:
link:
hello.o:
hello.x:
Makx hello2 hello2.c 
hello2.c:
link:
hello2.o:
hello2.x:
Makx hello3 hello3.c 
hello3.c:
link:
hello3.o:
hello3.x:
Makx hello4 hello4.c 
hello4.c:
link:
hello4.o:
hello4.x:
Makx hello5 hello5.c 
hello5.c:
link:
hello5.o:
hello5.x:
Makx inits inits.c
inits.c:
link:
inits.o:
inits.x:
Makx loadtt loadtt.c
loadtt.c:
link:
loadtt.o:
loadtt.x:
Makx maxmin maxmin.c 
maxmin.c:
link:
maxmin.o:
maxmin.x:
Makx mortg mortg.c 
mortg.c:
link:
mortg.o:
mortg.x:
Makx mortg2 mortg2.c 
mortg2.c:
link:
mortg2.o:
mortg2.x:
Mako nfrom 
nfrom.c:
Makx powdem powdem.c 
powdem.c:
link:
powdem.o:
powdem.x:
Makx pr2a pr2a.c 
pr2a.c:
link:
pr2a.o:
pr2a.x:
Makx pr2b pr2b.c 
pr2b.c:
link:
pr2b.o:
pr2b.x:
Makx prsam prsam.c 
prsam.c:
link:
prsam.o:
prsam.x:
Mako rand 
rand.c:
Makx recpt1 recpt1.c 
recpt1.c:
link:
recpt1.o:
recpt1.x:
Makx recpt2 recpt2.c 
recpt2.c:
link:
recpt2.o:
recpt2.x:
Makx recpt3 recpt3.c receip.c 
recpt3.c:
receip.c:
link:
recpt3.o:
recpt3.x:
Makx revers revers.c 
revers.c:
link:
revers.o:
revers.x:
Makx shuf52 shuf52.c nfrom.c  
shuf52.c:
nfrom.c:
link:
shuf52.o:
shuf52.x:
Makx sizes sizes.c 
sizes.c:
sizes.c 12: function required	[reveals a bug in host compiler]
sizes.c 12: undeclared 
sizes.c 14: function required
sizes.c 14: undeclared (
sizes.x: not found
sizes.o:
sizes.o not found
sizes.x:
sizes.x not found
Makx slow slow.c 
slow.c:
link:
slow.o:
slow.x:
Makxnt string string.c
string.c:
link:
Mako strlen 
strlen.c:
Mako strscn
strscn.c:
Makx tower tower.c pegs.c
tower.c:
pegs.c:
link:
tower.o:
tower.x:
Makx vacat vacat.c
vacat.c:
link:
vacat.o:
vacat.x:
Makx xy x.c ysub.c 
x.c:
ysub.c:
link:
can't open xy.in
xy.o:
xy.o not found
xy.x:
