_chp_portrd.......CHIPFN02          _chp_portwt.......CHIPFN01
_I8255_bitget.....I8255F04          _I8255_bitput.....I8255F03
_I8255_bittog.....I8255F09          _I8255_config.....I8255F02
_I8255_dump_bytes..I8255F07         _I8255_get_byte...I8255F06
_I8255_init.......I8255F01          _I8255_load_bytes..I8255F08
_I8255_put_byte...I8255F05          

I8255F01          Offset: 00000010H  Code and data size: 3cH
  _I8255_init     

I8255F02          Offset: 00000160H  Code and data size: 78H
  _I8255_config   

I8255F03          Offset: 00000300H  Code and data size: 186H
  _I8255_bitput   

I8255F04          Offset: 000005b0H  Code and data size: d0H
  _I8255_bitget   

I8255F05          Offset: 000007a0H  Code and data size: b2H
  _I8255_put_byte 

I8255F06          Offset: 00000980H  Code and data size: deH
  _I8255_get_byte 

I8255F07          Offset: 00000b90H  Code and data size: 60H
  _I8255_dump_bytes                 

I8255F08          Offset: 00000d20H  Code and data size: 6cH
  _I8255_load_bytes                 

I8255F09          Offset: 00000ec0H  Code and data size: feH
  _I8255_bittog   

CHIPFN01          Offset: 000010e0H  Code and data size: 1eH
  _chp_portwt     

CHIPFN02          Offset: 000012a0H  Code and data size: 2aH
  _chp_portrd     
