Enter input file name: 
filename = twobdy.in
    6640.3260000000000000        0.0000000000000000        0.0000000000000000
       0.0000000000000000        7.0372237010466370        4.0629429981468890
       0.0000000000000000
  398600.8000000000000000
       0.0000000000000000
0
Output pos/vel: 
   -1470.7674177004470000     6326.1796442804100000     3652.4215205672240000
      -7.2418410987620900       -0.6229888918852959       -0.3596828044321222
Output pos/vel: 
   -8115.9539999999980000       -0.0000013062032376       -0.0000007541367908
       0.0000000013728358       -5.7577284826745220       -3.3242260893929100
Output pos/vel: 
   -1470.7674144146590000    -6326.1796445630740000    -3652.4215207304210000
       7.2418410994050030       -0.6229888891199447       -0.3596828028355459
Output pos/vel: 
    6640.3260000000000000        0.0000031929393577        0.0000018434443976
      -0.0000000041015563        7.0372237010466370        4.0629429981468890
